[97m[1m[3mStarted downloading all files...[0m

[37m[3m - Search[719] => Got results from page 1[0m
[32m[1m * File downloaded: [37m[22m[3m[ begrotingen/2022/09/20/v-buitenlandse-zaken-rijksbegroting-2023 ]> 5-buitenlandse-zaken.pdf[0m
[32m[1m * File downloaded: [37m[22m[3m[ kamerstukken/2017/01/12 ]> tk-uitbreiding-schadefonds-geweldsmisdrijven-naar-caraibisch-nederland.pdf[0m
[32m[1m * File downloaded: [37m[22m[3m[ begrotingen/2021/09/21/v-buitenlandse-zaken-rijksbegroting-2022 ]> 5 Buitenlandse Zaken.pdf[0m
[32m[1m * File downloaded: [37m[22m[3m[ begrotingen/2020/09/15/v-buitenlandse-zaken-rijksbegroting-2021 ]> 5_Buitenlandse_Zaken.pdf[0m
[32m[1m * File downloaded: [37m[22m[3m[ kamerstukken/2016/10/11 ]> beantwoording-kamervragen-over-de-ontvangst-van-nederlandse-televisiezenders-in-het-caribisch-deel-van-nederland.pdf[0m
[32m[1m * File downloaded: [37m[22m[3m[ publicaties/2013/04/26 ]> overzicht-van-voorgenomen-en-aanhangige-regelgeving-van-het-ministerie-van-economische-zaken-inzake-caribisch-nederland.pdf[0m
[32m[1m * File downloaded: [37m[22m[3m[ kamerstukken/2022/02/09/kamerbrief-met-reactie-op-bericht-burgers-bes-gaan-meer-belasting-betalen ]> kamerbrief-inzake-verzoek-reactie-bericht-burgers-bes-gaan-meer-belasting-betalen.pdf[0m
[32m[1m * File downloaded: [37m[22m[3m[ vergaderstukken/2018/12/04 ]> verslag-raad-buitenlandse-zaken-ontwikkelingssamenwerking-van-26-november-2018.pdf[0m
[32m[1m * File downloaded: [37m[22m[3m[ kamerstukken/2017/03/20 ]> uitstel-beantwoording-vragen-over-voedsel-en-landbouwbeleid-voor-caraibisch-nederland.pdf[0m

[37m[3m - Search[719] => Got results from page 2[0m
[32m[1m * File downloaded: [37m[22m[3m[ publicaties/2018/07/20 ]> fiche-8-mfk-lgo-besluit.pdf[0m
[32m[1m * File downloaded: [37m[22m[3m[ rapporten/2021/07/06/overweging-utm-voor-drones-in-het-caribisch-deel-van-het-koninkrijk-der-nederlanden ]> overweging-utm-drones-caribisch-deel-koninkrijk.PDF[0m
[32m[1m * File downloaded: [37m[22m[3m[ begrotingen/2022/09/20/xvii-buitenlandse-handel-en-ontwikkelingssamenwerking-rijksbegroting-2023 ]> 17-buitenlandse-handel-en-ontwikkelingssamenwerking.pdf[0m
[32m[1m * File downloaded: [37m[22m[3m[ kamerstukken/2014/03/24 ]> kamerbrief-over-overheidsdocumenten-in-engels-en-papiaments-en-ip-adressen.pdf[0m
[32m[1m * File downloaded: [37m[22m[3m[ jaarverslagen/2023/05/17/buitenlandse-zaken-2022 ]> jaarverslag-buitenlandse-zaken-2022.pdf[0m
[32m[1m * File downloaded: [37m[22m[3m[ kamerstukken/2023/01/18 ]> antwoorden-op-kamervragen-over-een-gesprek-met-de-eilandsraad-van-sint-eustatius.pdf[0m
[32m[1m * File downloaded: [37m[22m[3m[ kamerstukken/2019/10/16 ]> beantwoording-kamervragen-over-een-investering-in-een-zonneauto.pdf[0m
[32m[1m * File downloaded: [37m[22m[3m[ kamerstukken/2009/11/18/antwoorden-op-kamervragen-over-een-vuurwapenincident-tijdens-een-caraibisch-festival-in-almere ]> antwoordenopkamervragenvuurwapenincidentcarabischfestivalalmere.pdf[0m
[32m[1m * File downloaded: [37m[22m[3m[ publicaties/2016/04/04 ]> agenda-minister-sociale-zaken-en-werkgelegenheid-uit-de-periode-november-2012-december-2015.pdf[0m

[37m[3m - Search[719] => Got results from page 3[0m
[32m[1m * File downloaded: [37m[22m[3m[ rapporten/2021/06/23 ]> tk-bijlage-staat-van-de-rechtshandhaving-cn-2020.pdf[0m
[32m[1m * File downloaded: [37m[22m[3m[ brieven/2021/08/10/reactie-op-brief-over-geo-blokkade-binnen-het-koninkrijk ]> bijlage-1-reactie-bvom-op-brief-over-geo-blokkade.pdf[0m
[32m[1m * File downloaded: [37m[22m[3m[ begrotingen/2021/09/21/xvii-buitenlandse-handel-en-ontwikkelingssamenwerking-rijksbegroting-2022 ]> 17 Buitenlandse Handel en Ontwikkelingssamenwerking.pdf[0m
[32m[1m * File downloaded: [37m[22m[3m[ kamerstukken/2018/12/21 ]> kamerbrief-over-kabinetsinzet-eu-ontwikkelingssamenwerkingsbeleid.pdf[0m
[32m[1m * File downloaded: [37m[22m[3m[ kamerstukken/2019/01/17 ]> voortgangsbrief-dossier-sociale-woningbouw-in-caribisch-nederland.pdf[0m
[32m[1m * File downloaded: [37m[22m[3m[ publicaties/2014/06/27 ]> fiche-1-mededeling-eu-veiligheidsstrategie-in-midden-amerika-en-het-caribisch-gebied.pdf[0m
[32m[1m * File downloaded: [37m[22m[3m[ kamerstukken/2021/04/09 ]> toekomst-televisiezender-bvn-het-beste-van-vlaanderen-en-nederland.pdf[0m
[32m[1m * File downloaded: [37m[22m[3m[ begrotingen/2020/09/15/xvii-buitenlandse-handel-en-ontwikkelingssamenwerking-rijksbegroting-2021 ]> 17_Buitenlandse_Handel_en_Ontwikkelingssamenwerking.pdf[0m

[37m[3m - Search[719] => Got results from page 4[0m
[32m[1m * File downloaded: [37m[22m[3m[ vergaderstukken/2024/10/25/besluitenlijst-rijksministerraad-25-oktober-2024 ]> besluitenlijst-rijksministerraad-20241025.pdf[0m
[32m[1m * File downloaded: [37m[22m[3m[ kamerstukken/2020/09/04/kamerbrief-toelichting-op-beleidsdoorlichting-begrotingsartikel-natuur-en-biodiversitei-FEA885DD ]> kamerbrief-over-beleidsdoorlichting-begrotingsartikel-12-natuur-en-biodiversiteit-2015-2019.pdf[0m
[32m[1m * File downloaded: [37m[22m[3m[ rapporten/2013/03/31 ]> evaluatieonderzoek-gezondheidszorg-caribisch-nederland-na-de-transitie-oktober-2010.pdf[0m
[32m[1m * File downloaded: [37m[22m[3m[ brieven/2021/01/22 ]> onafhankelijk-oordeel.pdf[0m
[32m[1m * File downloaded: [37m[22m[3m[ rapporten/2023/02/08 ]> tk-bijlage-staat-van-de-rechtshandhaving-cn.pdf[0m
[32m[1m * File downloaded: [37m[22m[3m[ kamerstukken/2021/11/26/kamerbrief-over-koraalbescherming-op-bonaire ]> kamerbrief-over-reactie-op-het-verzoek-van-de-vaste-commissie-voor-ezk-over-demotie-van-raansimons-35-632-nr-7--90496EB5.pdf[0m
[32m[1m * File downloaded: [37m[22m[3m[ kamerstukken/2022/11/04 ]> een-abonnement-op-de-hele-wereld-versterken-van-het-stelsel-van-openbare-bibliotheken.pdf[0m
[32m[1m * File downloaded: [37m[22m[3m[ rapporten/2023/09/05 ]> tk-email-consultatie-advies-openbaar-ministerie-bes.pdf[0m
[32m[1m * File downloaded: [37m[22m[3m[ rapporten/2019/01/17 ]> tk-nota-naar-aanleiding-van-het-verslag-schadefonds.pdf[0m
[32m[1m * File downloaded: [37m[22m[3m[ kamerstukken/2018/03/20 ]> kamerbrief-halfjaarlijks-rappel-toezeggingen-en-overzicht.pdf[0m

[37m[3m - Search[719] => Got results from page 5[0m
[32m[1m * File downloaded: [37m[22m[3m[ kamerstukken/2022/05/19 ]> antwoorden-op-kamervragen-over-de-artikelen-het-ene-nederland-is-het-andere-niet-en-er-vallen-doden-door-slecht-9229D292.pdf[0m
[32m[1m * File downloaded: [37m[22m[3m[ beleidsnotas/2017/08/15 ]> 34-710-nota-naar-aanleiding-van-het-verslag.pdf[0m
[32m[1m * File downloaded: [37m[22m[3m[ kamerstukken/2021/10/15 ]> aanbieding-evaluaties-nationaal-energiebespaarfonds-en-subsidie-energiebesparing-eigen-huis.pdf[0m
[32m[1m * File downloaded: [37m[22m[3m[ kamerstukken/2014/03/03 ]> kamerbrief-over-voortgang-van-de-onderwijsagenda-caribisch-nederland.pdf[0m
[32m[1m * File downloaded: [37m[22m[3m[ rapporten/2021/06/18 ]> onderzoeksrapport-kwantitatief-onderzoek-naar-de-effecten-van-de-voorlichtingscampagne-voor-de-tweede-kamerverk-1BBD2D3B.pdf[0m
[32m[1m * File downloaded: [37m[22m[3m[ kamerstukken/2019/12/05 ]> bijlage-kamerbrief-inzake-verslag-raad-buitenlandse-zaken-ontwikkelingssamenwerking-van-25-november-2019.pdf[0m

[37m[3m - Search[719] => Got results from page 6[0m
[32m[1m * File downloaded: [37m[22m[3m[ convenanten/2019/05/15 ]> intentieverklaring-in-het-kader-van-de-opleiding-tot-huisarts-op-bonaire.pdf[0m
[32m[1m * File downloaded: [37m[22m[3m[ jaarplannen/2010/11/26/herziene-begroting-2011-radio-nederland-wereldomroep ]> 227741e.pdf[0m
[32m[1m * File downloaded: [37m[22m[3m[ kamerstukken/2021/03/18/beantwoording-kamervragen-over-sloop-curacaos-koraalrif-door-bouwbedrijf-bam ]> beantwoording-kamervragen-over-het-bericht-bam-sloopt-koraalrif-en-de-curacaose-overheid-haalt-de-schouders-op.pdf[0m
[32m[1m * File downloaded: [37m[22m[3m[ publicaties/2017/04/09 ]> brief-aan-minister-president-over-bestuurlijke-situatie-sint-eustatius.pdf[0m
[32m[1m * File downloaded: [37m[22m[3m[ kamerstukken/2022/10/14 ]> kamerbrief-voortgangsrapportage-ijkpunt-sociaal-minimum-caribisch-nederland-2022.pdf[0m
[32m[1m * File downloaded: [37m[22m[3m[ brieven/2017/04/25 ]> brief-aan-minister-binnenlandse-zaken-over-bestuurlijke-situatie-sint-eustatius.pdf[0m
[32m[1m * File downloaded: [37m[22m[3m[ publicaties/2018/01/19 ]> fiche-3-aanbeveling-onderhandelingsmandaat-voor-een-toekomstig-partnerschap-tussen-de-eu-en-acs-landen-post-cotonou.pdf[0m
[32m[1m * File downloaded: [37m[22m[3m[ rapporten/2017/04/21 ]> jaarbeeld-2016-landelijk-toezicht-jeugd.pdf[0m

[37m[3m - Search[719] => Got results from page 7[0m
[32m[1m * File downloaded: [37m[22m[3m[ kamerstukken/2022/11/18 ]> bijlage-bij-de-brief-evaluatie-regioblok-2021.pdf[0m
[32m[1m * File downloaded: [37m[22m[3m[ rapporten/2022/07/08 ]> te-publiceren-beslisnota-aan-mjenv-nr-wetsvoorstel-strafbaarstelling-gebruik-persoonsgegevens-voor-intimiderend-50215F6A.pdf[0m
[32m[1m * File downloaded: [37m[22m[3m[ kamerstukken/2018/10/11 ]> kamerbrief-verslag-van-de-73ste-avvn-24-28-september-2018.pdf[0m
[32m[1m * File downloaded: [37m[22m[3m[ rapporten/2022/11/04 ]> tk-bijlage-nota-naar-aanleiding-van-het-verslag.pdf[0m
[32m[1m * File downloaded: [37m[22m[3m[ regelingen/2010/12/15/aanwijzing-van-de-saba-bank-als-natuurpark ]> sababank.pdf[0m
[32m[1m * File downloaded: [37m[22m[3m[ kamerstukken/2020/06/22 ]> beantwoording-kamervragen-over-a-brief-project-vervanging-hulpvaartuigen-czsk.pdf[0m
[32m[1m * File downloaded: [37m[22m[3m[ vergaderstukken/2021/06/14 ]> verslag-van-de-raad-buitenlandse-zaken-ontwikkelingssamenwerking-van-14-juni-2021.pdf[0m
[32m[1m * File downloaded: [37m[22m[3m[ rapporten/2023/05/08 ]> bijlage-advies-klimaattafel-bonaire-het-is-nooit-te-laat-rapport-8-mei-2023.pdf[0m

[37m[3m - Search[719] => Got results from page 8[0m
[32m[1m * File downloaded: [37m[22m[3m[ rapporten/2013/03/05 ]> het-rijksvaccinatieprogramma-in-caribisch-nederland.pdf[0m
[32m[1m * File downloaded: [37m[22m[3m[ rapporten/2023/05/31 ]> ek-bijlage-memorie-van-antwoord-doxing-36-171.pdf[0m
[32m[1m * File downloaded: [37m[22m[3m[ rapporten/2019/09/20 ]> tk-bijlage-de-staat-van-de-rechtshandhaving-caribisch-nederland-2018.pdf[0m
[32m[1m * File downloaded: [37m[22m[3m[ rapporten/2019/10/22 ]> bijlage-rapport-nulmeting-toegankelijkheid-2019.pdf[0m
[32m[1m * File downloaded: [37m[22m[3m[ kamerstukken/2021/02/03 ]> beantwoording-kamervragen-van-de-leden-paternotte-en-diertens-d66-over-reizen-tijdens-de-coronacrisis.pdf[0m
[32m[1m * File downloaded: [37m[22m[3m[ publicaties/2022/06/24 ]> def-bnc-fiche-3-mededeling-internationale-oceaangovernance.pdf[0m
[32m[1m * File downloaded: [37m[22m[3m[ kamerstukken/2018/03/16 ]> antwoorden-over-midterm-review-wet-stelsel-openbare-bibliotheekvoorzieningen.pdf[0m

[37m[3m - Search[719] => Got results from page 9[0m
[32m[1m * File downloaded: [37m[22m[3m[ rapporten/2019/07/04 ]> tk-bijlage-overzicht-plaatsingen-ips-brief.pdf[0m
[32m[1m * File downloaded: [37m[22m[3m[ rapporten/2023/09/19 ]> ilt-brede-risicoanalyse-ibra-2023.pdf[0m
[32m[1m * File downloaded: [37m[22m[3m[ kamerstukken/2022/01/20 ]> schriftelijk-overleg-over-voortgang-ocw-in-het-caribisch-deel-van-het-koninkrijk.pdf[0m
[32m[1m * File downloaded: [37m[22m[3m[ kamerstukken/2014/01/17 ]> wetsvoorstel-wet-stelsel-openbare-bibliotheekvoorzieningen.pdf[0m
[32m[1m * File downloaded: [37m[22m[3m[ rapporten/2022/12/15 ]> tk-bijlage-5-plaatsingsoverzicht-liaisons-2022.pdf[0m
[32m[1m * File downloaded: [37m[22m[3m[ kamerstukken/2008/10/27/brief-aan-tweede-kamer-over-huis-minister-eurlings-op-bonaire ]> geachte-mevrouw-verbeet.pdf[0m
[32m[1m * File downloaded: [37m[22m[3m[ brieven/2007/05/14/brief-aan-icco-over-epa-onderhandelingen ]> 7055888-a.pdf[0m
[32m[1m * File downloaded: [37m[22m[3m[ kamerstukken/2014/10/10 ]> memorie-van-antwoord-inzake-wet-stelsel-openbare-bibliotheekvoorzieningen.pdf[0m

[37m[3m - Search[719] => Got results from page 10[0m
[32m[1m * File downloaded: [37m[22m[3m[ brochures/2015/04/01/gearresteerd-in-panama ]> gearresteerd-in-panama-hr.pdf[0m
[32m[1m * File downloaded: [37m[22m[3m[ publicaties/2021/02/24 ]> fiche-6-mededeling-eu-klimaatadaptatiestrategie.pdf[0m
[32m[1m * File downloaded: [37m[22m[3m[ besluiten/2018/04/09 ]> besluit-bekwaamheidseisen-onderwijspersoneel.pdf[0m
[32m[1m * File downloaded: [37m[22m[3m[ kamerstukken/2023/05/25 ]> evaluatie-subsidieregeling-praktijkleren-2019-2022.pdf[0m
[32m[1m * File downloaded: [37m[22m[3m[ brochures/2022/12/15/studeren-in-het-mbo-of-hoger-onderwijs-voor-studenten-uit-caribisch-nederland-aruba-curaca-C1B3B5F6 ]> studeren-in-europees-nederland-voor-studenten-uit-caribisch-nederland-engels.pdf[0m
[32m[1m * File downloaded: [37m[22m[3m[ rapporten/2016/12/19 ]> tk-bijlage-rapport-opvang-en-behandeling-van-personen-met-een-gedragsstoornis-of-een-verslavinf-binnen-de-straf-3F0085E5.pdf[0m
[32m[1m * File downloaded: [37m[22m[3m[ kamerstukken/2018/08/28 ]> beantwoording-kamervragen-over-werkbezoek-kamerleden-aan-bonaire-sint-eustatius-en-saba.pdf[0m
[32m[1m * File downloaded: [37m[22m[3m[ rapporten/2021/12/02 ]> tk-bijlage-3a-plaatsingsoverzicht-2021.pdf[0m
[32m[1m * File downloaded: [37m[22m[3m[ rapporten/2019/03/06 ]> derde-advies-over-nederland-over-kaderverdrag-bescherming-nationale-minderheden-nederlands.pdf[0m

[37m[3m - Search[719] => Got results from page 11[0m
[32m[1m * File downloaded: [37m[22m[3m[ publicaties/2015/12/11/bijlage-3-bij-besluit-wob-verzoek-over-verplaatsing-vaarroutes-noordzee ]> bijlage-3-documenten-inzake-wob2-deel2.pdf[0m
[32m[1m * File downloaded: [37m[22m[3m[ rapporten/2014/12/01 ]> nederlands-op-zijn-best.pdf[0m
[32m[1m * File downloaded: [37m[22m[3m[ kamerstukken/2023/04/13 ]> antwoorden-op-kamervragen-over-de-berichten-naaktbeelden-borstkankerpatienten-vs-gepubliceerd-om-ziekenhuis-af--29377B01.pdf[0m
[32m[1m * File downloaded: [37m[22m[3m[ kamerstukken/2021/06/23 ]> tk-jenv-beleidsagenda-caribisch-nederland-2021-2025.pdf[0m
[32m[1m * File downloaded: [37m[22m[3m[ kamerstukken/2020/01/29 ]> kamerbrief-vervolg-stand-van-zaken-bancaire-en-betaaldienstverlening-caribisch-nederland.pdf[0m
[32m[1m * File downloaded: [37m[22m[3m[ kamerstukken/2018/09/05 ]> beantwoording-kamervragen-over-het-bericht-klagen-over-ongelijke-behandeling-niet-mogelijk-in-caribisch-nederland.pdf[0m
[32m[1m * File downloaded: [37m[22m[3m[ kamerstukken/2020/11/19 ]> beantwoording-kamervragen-over-het-uitblijven-van-een-covid-19-bonus-voor-zorgprofessionals-in-caribisch-nederland.pdf[0m
[32m[1m * File downloaded: [37m[22m[3m[ rapporten/2022/07/08 ]> tk-rvs-w16-22-0024-advies.pdf[0m
[32m[1m * File downloaded: [37m[22m[3m[ publicaties/2023/04/05 ]> pa-lijst-ii-42ste-rapportage-peildatum-1-januari-2023.pdf[0m
[32m[1m * File downloaded: [37m[22m[3m[ kamerstukken/2012/04/26 ]> kamerbrief-over-nederlandse-leraren-naar-caribisch-nederland-en-studieschuld-terugkerende-studenten.pdf[0m

[37m[3m - Search[719] => Got results from page 12[0m
[32m[1m * File downloaded: [37m[22m[3m[ kamerstukken/2012/05/09/kamerbrief-over-nederlandse-leraren-caribisch-nederland-en-studieschuld-terugkerende-studenten ]> kamerbrief-over-nederlandse-leraren-in-caribisch-nederland-en-studieschuld-terugkerende-studenten.pdf[0m
[32m[1m * File downloaded: [37m[22m[3m[ kamerstukken/2020/11/17 ]> kamerbrief-doenvermogen-in-pakket-belastingplan-2021.pdf[0m
[32m[1m * File downloaded: [37m[22m[3m[ kamerstukken/2020/11/26 ]> antwoordbrief-aangaande-vragen-over-overdrachtsbelasting-caribisch-nederland.pdf[0m
[32m[1m * File downloaded: [37m[22m[3m[ rapporten/2023/06/15 ]> eindevaluatie-versterking-lokale-journalistiek-door-samenwerking.pdf[0m
[32m[1m * File downloaded: [37m[22m[3m[ kamerstukken/2013/03/05 ]> kamerbrief-over-standpunt-op-advies-gezondheidsraad-rijksvaccinatieprogramma-caribisch-nederland.pdf[0m
[32m[1m * File downloaded: [37m[22m[3m[ convenanten/2012/09/28/convenant-curacao-nederland-heffing-invoerrechten-en-andere-indirecte-belastingen-tussen-E1A54CD8 ]> scan-douane-convenant-nl-cur-26-sept-2012.pdf[0m
[32m[1m * File downloaded: [37m[22m[3m[ kamerstukken/2022/10/04 ]> beantwoording-kamervragen-over-de-brief-instellingsbesluit-commissie-sociaal-minimum.pdf[0m
[32m[1m * File downloaded: [37m[22m[3m[ kamerstukken/2012/07/06 ]> beantwoording-kamervragen-belemmeringen-leraren-naar-caribisch-nederland-en-kwaliteit-onderwijs.pdf[0m
[94m[1m ! Batch process invoked: [37m[22m[3m [BatchNr: 1; BatchedItems: 100]...[0m
